<?xml version="1.0" encoding="UTF-8"?>
<!-- Generated by org.testng.reporters.JUnitXMLReporter -->
<testsuite hostname="38f9d365a3cb.ant.amazon.com" ignored="1" name="GRP-g1" tests="2" failures="0" timestamp="2020-06-14T00:31:11 IST" time="0.053" errors="0">
  <testcase name="testCalApp" time="0.008" classname="TestNG.demo.EmpDetailsTest"/>
  <testcase name="testYearlySal" time="0.001" classname="TestNG.demo.EmpDetailsTest"/>
  <testcase name="testCase3" time="0.0" classname="TestNG.demo.EmpDetailsTest">
    <ignored/>
  </testcase> <!-- testCase3 -->
</testsuite> <!-- GRP-g1 -->
